Build started 7/23/2016 18:19:41.
     1>Project "C:\Users\Anton\Documents\Visual Studio 2013\Projects\Parallel-programming-University-Wuppertal-Germany\Block1\Block1\Block1.vcxproj" on node 2 (Rebuild target(s)).
     1>ClCompile:
         C:\Program Files (x86)\Microsoft Visual Studio 12.0\VC\bin\CL.exe /c /I"C:\Program Files (x86)\Microsoft SDKs\MPI\Include\\" /I"C:\Program Files (x86)\Microsoft SDKs\MPI\Include\\x86" /ZI /nologo /W3 /WX- /Od /Oy- /D WIN32 /D _DEBUG /D _CONSOLE /D _LIB /D _UNICODE /D UNICODE /Gm /EHsc /RTC1 /MDd /GS /fp:precise /Zc:wchar_t /Zc:forScope /Fo"Debug\\" /Fd"Debug\vc120.pdb" /Gd /TC /analyze- /errorReport:prompt GaussianElimination.c MatrixDTS.c ProcessorUtilities.c TwoDimArrays.c Source.c
         Source.c
         TwoDimArrays.c
         ProcessorUtilities.c
         MatrixDTS.c
         GaussianElimination.c
         Generating Code...
       Link:
         C:\Program Files (x86)\Microsoft Visual Studio 12.0\VC\bin\link.exe /ERRORREPORT:PROMPT /OUT:"C:\Users\Anton\Documents\Visual Studio 2013\Projects\Parallel-programming-University-Wuppertal-Germany\Block1\Debug\Block1.exe" /INCREMENTAL /NOLOGO /LIBPATH:"C:\Program Files (x86)\Microsoft SDKs\MPI\Lib\x86\\" msmpi.lib kernel32.lib user32.lib gdi32.lib winspool.lib comdlg32.lib advapi32.lib shell32.lib ole32.lib oleaut32.lib uuid.lib odbc32.lib odbccp32.lib /MANIFEST /MANIFESTUAC:"level='asInvoker' uiAccess='false'" /manifest:embed /DEBUG /PDB:"C:\Users\Anton\Documents\Visual Studio 2013\Projects\Parallel-programming-University-Wuppertal-Germany\Block1\Debug\Block1.pdb" /SUBSYSTEM:CONSOLE /TLBID:1 /DYNAMICBASE /NXCOMPAT /IMPLIB:"C:\Users\Anton\Documents\Visual Studio 2013\Projects\Parallel-programming-University-Wuppertal-Germany\Block1\Debug\Block1.lib" /MACHINE:X86 Debug\GaussianElimination.obj
         Debug\MatrixDTS.obj
         Debug\ProcessorUtilities.obj
         Debug\TwoDimArrays.obj
         Debug\Source.obj
         Block1.vcxproj -> C:\Users\Anton\Documents\Visual Studio 2013\Projects\Parallel-programming-University-Wuppertal-Germany\Block1\Debug\Block1.exe
     1>Done Building Project "C:\Users\Anton\Documents\Visual Studio 2013\Projects\Parallel-programming-University-Wuppertal-Germany\Block1\Block1\Block1.vcxproj" (Rebuild target(s)).

Build succeeded.

Time Elapsed 00:00:00.59
